0 info it worked if it ends with ok
1 verbose cli [ '/usr/local/bin/node',
1 verbose cli   '/usr/local/bin/npm',
1 verbose cli   'install',
1 verbose cli   '-g',
1 verbose cli   'typescript' ]
2 info using npm@2.14.7
3 info using node@v4.2.3
4 verbose install initial load of /usr/local/lib/package.json
5 verbose readDependencies loading dependencies from /usr/local/lib/package.json
6 silly cache add args [ 'typescript', null ]
7 verbose cache add spec typescript
8 silly cache add parsed spec Result {
8 silly cache add   raw: 'typescript',
8 silly cache add   scope: null,
8 silly cache add   name: 'typescript',
8 silly cache add   rawSpec: '',
8 silly cache add   spec: '*',
8 silly cache add   type: 'range' }
9 silly addNamed typescript@*
10 verbose addNamed "*" is a valid semver range for typescript
11 silly addNameRange { name: 'typescript', range: '*', hasData: false }
12 silly mapToRegistry name typescript
13 silly mapToRegistry using default registry
14 silly mapToRegistry registry https://registry.npmjs.org/
15 silly mapToRegistry uri https://registry.npmjs.org/typescript
16 verbose addNameRange registry:https://registry.npmjs.org/typescript not in flight; fetching
17 verbose request uri https://registry.npmjs.org/typescript
18 verbose request no auth needed
19 info attempt registry request try #1 at 4:18:18 PM
20 verbose request id d2fdfaa4e641a290
21 http request GET https://registry.npmjs.org/typescript
22 http 200 https://registry.npmjs.org/typescript
23 verbose headers { server: 'CouchDB/1.5.0 (Erlang OTP/R16B03)',
23 verbose headers   etag: '"8DRGEK2WHXGFZKY34KV9N700A"',
23 verbose headers   'content-type': 'application/json',
23 verbose headers   'cache-control': 'max-age=300',
23 verbose headers   'content-length': '441434',
23 verbose headers   'accept-ranges': 'bytes',
23 verbose headers   date: 'Thu, 24 Mar 2016 19:18:18 GMT',
23 verbose headers   via: '1.1 varnish',
23 verbose headers   age: '198',
23 verbose headers   connection: 'keep-alive',
23 verbose headers   'x-served-by': 'cache-atl6246-ATL',
23 verbose headers   'x-cache': 'HIT',
23 verbose headers   'x-cache-hits': '1',
23 verbose headers   'x-timer': 'S1458847098.671324,VS0,VE0',
23 verbose headers   vary: 'Accept' }
24 silly get cb [ 200,
24 silly get   { server: 'CouchDB/1.5.0 (Erlang OTP/R16B03)',
24 silly get     etag: '"8DRGEK2WHXGFZKY34KV9N700A"',
24 silly get     'content-type': 'application/json',
24 silly get     'cache-control': 'max-age=300',
24 silly get     'content-length': '441434',
24 silly get     'accept-ranges': 'bytes',
24 silly get     date: 'Thu, 24 Mar 2016 19:18:18 GMT',
24 silly get     via: '1.1 varnish',
24 silly get     age: '198',
24 silly get     connection: 'keep-alive',
24 silly get     'x-served-by': 'cache-atl6246-ATL',
24 silly get     'x-cache': 'HIT',
24 silly get     'x-cache-hits': '1',
24 silly get     'x-timer': 'S1458847098.671324,VS0,VE0',
24 silly get     vary: 'Accept' } ]
25 verbose get saving typescript to /Users/Juan/.npm/registry.npmjs.org/typescript/.cache.json
26 silly addNameRange number 2 { name: 'typescript', range: '*', hasData: true }
27 silly addNameRange versions [ 'typescript',
27 silly addNameRange   [ '0.8.0',
27 silly addNameRange     '0.8.1',
27 silly addNameRange     '0.8.1-1',
27 silly addNameRange     '0.8.2',
27 silly addNameRange     '0.8.3',
27 silly addNameRange     '0.9.0',
27 silly addNameRange     '0.9.0-1',
27 silly addNameRange     '0.9.1',
27 silly addNameRange     '0.9.1-1',
27 silly addNameRange     '0.9.5',
27 silly addNameRange     '0.9.7',
27 silly addNameRange     '1.0.0',
27 silly addNameRange     '1.0.1',
27 silly addNameRange     '1.1.0-1',
27 silly addNameRange     '1.3.0',
27 silly addNameRange     '1.4.1',
27 silly addNameRange     '1.5.0-alpha',
27 silly addNameRange     '1.5.0-beta',
27 silly addNameRange     '1.5.3',
27 silly addNameRange     '1.6.0-dev.20150722.1',
27 silly addNameRange     '1.6.0-dev.20150723',
27 silly addNameRange     '1.6.0-dev.20150724',
27 silly addNameRange     '1.6.0-dev.20150725',
27 silly addNameRange     '1.6.0-dev.20150726',
27 silly addNameRange     '1.6.0-dev.20150727',
27 silly addNameRange     '1.6.0-dev.20150728',
27 silly addNameRange     '1.6.0-dev.20150729',
27 silly addNameRange     '1.6.0-dev.20150730',
27 silly addNameRange     '1.6.0-dev.20150731',
27 silly addNameRange     '1.6.0-dev.20150801',
27 silly addNameRange     '1.6.0-dev.20150802',
27 silly addNameRange     '1.6.0-dev.20150803',
27 silly addNameRange     '1.6.0-dev.20150804',
27 silly addNameRange     '1.6.0-dev.20150805',
27 silly addNameRange     '1.6.0-dev.20150806',
27 silly addNameRange     '1.6.0-dev.20150807',
27 silly addNameRange     '1.6.0-dev.20150808',
27 silly addNameRange     '1.6.0-dev.20150809',
27 silly addNameRange     '1.6.0-dev.20150810',
27 silly addNameRange     '1.6.0-dev.20150811',
27 silly addNameRange     '1.6.0-dev.20150812',
27 silly addNameRange     '1.6.0-dev.20150813',
27 silly addNameRange     '1.6.0-dev.20150814',
27 silly addNameRange     '1.6.0-dev.20150815',
27 silly addNameRange     '1.6.0-dev.20150816',
27 silly addNameRange     '1.6.0-dev.20150817',
27 silly addNameRange     '1.6.0-dev.20150818',
27 silly addNameRange     '1.6.0-dev.20150819',
27 silly addNameRange     '1.6.0-dev.20150820',
27 silly addNameRange     '1.6.0-dev.20150821',
27 silly addNameRange     '1.6.0-dev.20150822',
27 silly addNameRange     '1.6.0-dev.20150823',
27 silly addNameRange     '1.6.0-dev.20150824',
27 silly addNameRange     '1.6.0-dev.20150825',
27 silly addNameRange     '1.7.0-dev.20150826',
27 silly addNameRange     '1.7.0-dev.20150827',
27 silly addNameRange     '1.7.0-dev.20150828',
27 silly addNameRange     '1.7.0-dev.20150829',
27 silly addNameRange     '1.7.0-dev.20150830',
27 silly addNameRange     '1.7.0-dev.20150831',
27 silly addNameRange     '1.7.0-dev.20150901',
27 silly addNameRange     '1.7.0-dev.20150902',
27 silly addNameRange     '1.6.0-beta',
27 silly addNameRange     '1.7.0-dev.20150903',
27 silly addNameRange     '1.7.0-dev.20150904',
27 silly addNameRange     '1.6.0-dev.20150905',
27 silly addNameRange     '1.6.0-dev.20150906',
27 silly addNameRange     '1.6.0-dev.20150907',
27 silly addNameRange     '1.6.0-dev.20150908',
27 silly addNameRange     '1.6.0-dev.20150909',
27 silly addNameRange     '1.6.0-dev.20150910',
27 silly addNameRange     '1.6.0-dev.20150911',
27 silly addNameRange     '1.6.0-dev.20150912',
27 silly addNameRange     '1.6.0-dev.20150913',
27 silly addNameRange     '1.6.0-dev.20150914',
27 silly addNameRange     '1.6.0-dev.20150915',
27 silly addNameRange     '1.7.0-dev.20150916',
27 silly addNameRange     '1.6.2',
27 silly addNameRange     '1.7.0-dev.20150917',
27 silly addNameRange     '1.7.0-dev.20150918',
27 silly addNameRange     '1.7.0-dev.20150919',
27 silly addNameRange     '1.7.0-dev.20150920',
27 silly addNameRange     '1.7.0-dev.20150921',
27 silly addNameRange     '1.7.0-dev.20150922',
27 silly addNameRange     '1.7.0-dev.20150923',
27 silly addNameRange     '1.7.0-dev.20150924',
27 silly addNameRange     '1.7.0-dev.20150925',
27 silly addNameRange     '1.7.0-dev.20150926',
27 silly addNameRange     '1.7.0-dev.20150927',
27 silly addNameRange     '1.7.0-dev.20150928',
27 silly addNameRange     '1.7.0-dev.20150929',
27 silly addNameRange     '1.7.0-dev.20150930',
27 silly addNameRange     '1.7.0-dev.20151001',
27 silly addNameRange     '1.7.0-dev.20151002',
27 silly addNameRange     '1.7.0-dev.20151003',
27 silly addNameRange     '1.7.0-dev.20151004',
27 silly addNameRange     '1.7.0-dev.20151005',
27 silly addNameRange     '1.7.0-dev.20151006',
27 silly addNameRange     '1.7.0-dev.20151014',
27 silly addNameRange     '1.7.0-dev.20151015',
27 silly addNameRange     '1.7.0-dev.20151016',
27 silly addNameRange     '1.8.0-dev.20151017',
27 silly addNameRange     '1.8.0-dev.20151018',
27 silly addNameRange     '1.8.0-dev.20151019',
27 silly addNameRange     '1.8.0-dev.20151020',
27 silly addNameRange     '1.8.0-dev.20151021',
27 silly addNameRange     '1.8.0-dev.20151022',
27 silly addNameRange     '1.8.0-dev.20151023',
27 silly addNameRange     '1.8.0-dev.20151024',
27 silly addNameRange     '1.8.0-dev.20151025',
27 silly addNameRange     '1.8.0-dev.20151026',
27 silly addNameRange     '1.8.0-dev.20151027',
27 silly addNameRange     '1.8.0-dev.20151028',
27 silly addNameRange     '1.8.0-dev.20151029',
27 silly addNameRange     '1.8.0-dev.20151030',
27 silly addNameRange     '1.8.0-dev.20151031',
27 silly addNameRange     '1.8.0-dev.20151101',
27 silly addNameRange     '1.8.0-dev.20151102',
27 silly addNameRange     '1.8.0-dev.20151103',
27 silly addNameRange     '1.8.0-dev.20151104',
27 silly addNameRange     '1.8.0-dev.20151105',
27 silly addNameRange     '1.8.0-dev.20151106',
27 silly addNameRange     '1.8.0-dev.20151107',
27 silly addNameRange     '1.8.0-dev.20151108',
27 silly addNameRange     '1.8.0-dev.20151109',
27 silly addNameRange     '1.8.0-dev.20151110',
27 silly addNameRange     '1.8.0-dev.20151111',
27 silly addNameRange     '1.8.0-dev.20151112',
27 silly addNameRange     '1.8.0-dev.20151113',
27 silly addNameRange     '1.8.0-dev.20151114',
27 silly addNameRange     '1.8.0-dev.20151115',
27 silly addNameRange     '1.8.0-dev.20151116',
27 silly addNameRange     '1.8.0-dev.20151117',
27 silly addNameRange     '1.8.0-dev.20151118',
27 silly addNameRange     '1.8.0-dev.20151119',
27 silly addNameRange     '1.8.0-dev.20151120',
27 silly addNameRange     '1.8.0-dev.20151121',
27 silly addNameRange     '1.8.0-dev.20151122',
27 silly addNameRange     '1.8.0-dev.20151123',
27 silly addNameRange     '1.8.0-dev.20151124',
27 silly addNameRange     '1.8.0-dev.20151125',
27 silly addNameRange     '1.8.0-dev.20151126',
27 silly addNameRange     '1.8.0-dev.20151127',
27 silly addNameRange     '1.8.0-dev.20151128',
27 silly addNameRange     '1.8.0-dev.20151129',
27 silly addNameRange     '1.8.0-dev.20151130',
27 silly addNameRange     '1.7.3',
27 silly addNameRange     '1.8.0-dev.20151201',
27 silly addNameRange     '1.8.0-dev.20151202',
27 silly addNameRange     '1.8.0-dev.20151203',
27 silly addNameRange     '1.8.0-dev.20151204',
27 silly addNameRange     '1.8.0-dev.20151210',
27 silly addNameRange     '1.8.0-dev.20151211',
27 silly addNameRange     '1.8.0-dev.20151212',
27 silly addNameRange     '1.8.0-dev.20151213',
27 silly addNameRange     '1.8.0-dev.20151214',
27 silly addNameRange     '1.7.5',
27 silly addNameRange     '1.8.0-dev.20151215',
27 silly addNameRange     '1.8.0-dev.20151216',
27 silly addNameRange     '1.8.0-dev.20151217',
27 silly addNameRange     '1.8.0-dev.20151218',
27 silly addNameRange     '1.8.0-dev.20151219',
27 silly addNameRange     '1.8.0-dev.20151220',
27 silly addNameRange     '1.8.0-dev.20151221',
27 silly addNameRange     '1.8.0-dev.20151222',
27 silly addNameRange     '1.8.0-dev.20151223',
27 silly addNameRange     '1.8.0-dev.20151224',
27 silly addNameRange     '1.8.0-dev.20151225',
27 silly addNameRange     '1.8.0-dev.20151226',
27 silly addNameRange     '1.8.0-dev.20151227',
27 silly addNameRange     '1.8.0-dev.20151228',
27 silly addNameRange     '1.8.0-dev.20151229',
27 silly addNameRange     '1.8.0-dev.20151230',
27 silly addNameRange     '1.8.0-dev.20151231',
27 silly addNameRange     '1.8.0-dev.20160101',
27 silly addNameRange     '1.8.0-dev.20160102',
27 silly addNameRange     '1.8.0-dev.20160103',
27 silly addNameRange     '1.8.0-dev.20160104',
27 silly addNameRange     '1.8.0-dev.20160105',
27 silly addNameRange     '1.8.0-dev.20160106',
27 silly addNameRange     '1.8.0-dev.20160107',
27 silly addNameRange     '1.8.0-dev.20160108',
27 silly addNameRange     '1.8.0-dev.20160109',
27 silly addNameRange     '1.8.0-dev.20160110',
27 silly addNameRange     '1.8.0-dev.20160111',
27 silly addNameRange     '1.8.0-dev.20160112',
27 silly addNameRange     '1.8.0-dev.20160113',
27 silly addNameRange     '1.8.0-dev.20160114',
27 silly addNameRange     '1.8.0-dev.20160115',
27 silly addNameRange     '1.8.0-dev.20160116',
27 silly addNameRange     '1.8.0-dev.20160117',
27 silly addNameRange     '1.8.0-dev.20160118',
27 silly addNameRange     '1.8.0-dev.20160119',
27 silly addNameRange     '1.8.0-dev.20160120',
27 silly addNameRange     '1.8.0-dev.20160121',
27 silly addNameRange     '1.8.0-dev.20160122',
27 silly addNameRange     '1.8.0-dev.20160123',
27 silly addNameRange     '1.8.0-dev.20160124',
27 silly addNameRange     '1.8.0-dev.20160125',
27 silly addNameRange     '1.9.0-dev.20160126',
27 silly addNameRange     '1.9.0-dev.20160127',
27 silly addNameRange     '1.9.0-dev.20160128',
27 silly addNameRange     '1.8.0',
27 silly addNameRange     '1.9.0-dev.20160129',
27 silly addNameRange     '1.9.0-dev.20160130',
27 silly addNameRange     '1.9.0-dev.20160131',
27 silly addNameRange     '1.9.0-dev.20160201',
27 silly addNameRange     '1.9.0-dev.20160202',
27 silly addNameRange     '1.9.0-dev.20160203',
27 silly addNameRange     '1.9.0-dev.20160204',
27 silly addNameRange     '1.9.0-dev.20160205',
27 silly addNameRange     '1.9.0-dev.20160206',
27 silly addNameRange     '1.9.0-dev.20160207',
27 silly addNameRange     '1.9.0-dev.20160208',
27 silly addNameRange     '1.9.0-dev.20160209',
27 silly addNameRange     '1.9.0-dev.20160210',
27 silly addNameRange     '1.9.0-dev.20160211',
27 silly addNameRange     '1.9.0-dev.20160212',
27 silly addNameRange     '1.9.0-dev.20160213',
27 silly addNameRange     '1.9.0-dev.20160214',
27 silly addNameRange     '1.9.0-dev.20160215',
27 silly addNameRange     '1.9.0-dev.20160216',
27 silly addNameRange     '1.9.0-dev.20160217',
27 silly addNameRange     '1.9.0-dev.20160218',
27 silly addNameRange     '1.9.0-dev.20160219',
27 silly addNameRange     '1.9.0-dev.20160220',
27 silly addNameRange     '1.9.0-dev.20160221',
27 silly addNameRange     '1.9.0-dev.20160222',
27 silly addNameRange     '1.8.2',
27 silly addNameRange     '1.9.0-dev.20160223',
27 silly addNameRange     '1.9.0-dev.20160224',
27 silly addNameRange     '1.9.0-dev.20160225',
27 silly addNameRange     '1.9.0-dev.20160226',
27 silly addNameRange     '1.9.0-dev.20160227',
27 silly addNameRange     '1.9.0-dev.20160228',
27 silly addNameRange     '1.9.0-dev.20160229',
27 silly addNameRange     '1.9.0-dev.20160301',
27 silly addNameRange     '1.8.5',
27 silly addNameRange     '1.8.6',
27 silly addNameRange     '1.8.7',
27 silly addNameRange     '1.9.0-dev.20160302',
27 silly addNameRange     '1.9.0-dev.20160302.1',
27 silly addNameRange     '1.9.0-dev.20160303',
27 silly addNameRange     '1.9.0-dev.20160304',
27 silly addNameRange     '1.9.0-dev.20160305',
27 silly addNameRange     '1.9.0-dev.20160306',
27 silly addNameRange     '1.9.0-dev.20160307',
27 silly addNameRange     '1.9.0-dev.20160308',
27 silly addNameRange     '1.9.0-dev.20160309',
27 silly addNameRange     '1.9.0-dev.20160310',
27 silly addNameRange     '1.9.0-dev.20160311',
27 silly addNameRange     '1.9.0-dev.20160312',
27 silly addNameRange     '1.9.0-dev.20160313',
27 silly addNameRange     '1.9.0-dev.20160315',
27 silly addNameRange     '1.9.0-dev.20160316',
27 silly addNameRange     '1.8.9',
27 silly addNameRange     '1.9.0-dev.20160317',
27 silly addNameRange     '1.9.0-dev.20160318',
27 silly addNameRange     '1.9.0-dev.20160319',
27 silly addNameRange     '1.9.0-dev.20160320',
27 silly addNameRange     '1.9.0-dev.20160321',
27 silly addNameRange     '1.9.0-dev.20160322',
27 silly addNameRange     '1.9.0-dev.20160323',
27 silly addNameRange     '1.9.0-dev.20160324' ] ]
28 silly addNamed typescript@1.8.9
29 verbose addNamed "1.8.9" is a plain semver version for typescript
30 silly mapToRegistry name typescript
31 silly mapToRegistry using default registry
32 silly mapToRegistry registry https://registry.npmjs.org/
33 silly mapToRegistry uri https://registry.npmjs.org/typescript
34 verbose addRemoteTarball https://registry.npmjs.org/typescript/-/typescript-1.8.9.tgz not in flight; adding
35 verbose addRemoteTarball [ 'https://registry.npmjs.org/typescript/-/typescript-1.8.9.tgz',
35 verbose addRemoteTarball   'b3b3a74059fd31cbd3ecad95d62465939e7ed5fa' ]
36 info retry fetch attempt 1 at 4:18:19 PM
37 info attempt registry request try #1 at 4:18:19 PM
38 http fetch GET https://registry.npmjs.org/typescript/-/typescript-1.8.9.tgz
39 http fetch 200 https://registry.npmjs.org/typescript/-/typescript-1.8.9.tgz
40 silly fetchAndShaCheck shasum b3b3a74059fd31cbd3ecad95d62465939e7ed5fa
41 verbose addTmpTarball /var/folders/vg/x5v244f14g57t9281nk72r_40000gn/T/npm-942-f2c41192/registry.npmjs.org/typescript/-/typescript-1.8.9.tgz not in flight; adding
42 verbose addTmpTarball already have metadata; skipping unpack for typescript@1.8.9
43 silly cache afterAdd typescript@1.8.9
44 verbose afterAdd /Users/Juan/.npm/typescript/1.8.9/package/package.json not in flight; writing
45 verbose afterAdd /Users/Juan/.npm/typescript/1.8.9/package/package.json written
46 silly install resolved [ { name: 'typescript',
46 silly install resolved     author: { name: 'Microsoft Corp.' },
46 silly install resolved     homepage: 'http://typescriptlang.org/',
46 silly install resolved     version: '1.8.9',
46 silly install resolved     license: 'Apache-2.0',
46 silly install resolved     description: 'TypeScript is a language for application scale JavaScript development',
46 silly install resolved     keywords: [ 'TypeScript', 'Microsoft', 'compiler', 'language', 'javascript' ],
46 silly install resolved     bugs: { url: 'https://github.com/Microsoft/TypeScript/issues' },
46 silly install resolved     repository:
46 silly install resolved      { type: 'git',
46 silly install resolved        url: 'https://github.com/Microsoft/TypeScript.git' },
46 silly install resolved     main: './lib/typescript.js',
46 silly install resolved     typings: './lib/typescript.d.ts',
46 silly install resolved     bin: { tsc: './bin/tsc', tsserver: './bin/tsserver' },
46 silly install resolved     engines: { node: '>=0.8.0' },
46 silly install resolved     devDependencies:
46 silly install resolved      { jake: 'latest',
46 silly install resolved        mocha: '2.3.4',
46 silly install resolved        chai: 'latest',
46 silly install resolved        browserify: 'latest',
46 silly install resolved        istanbul: 'latest',
46 silly install resolved        'mocha-fivemat-progress-reporter': 'latest',
46 silly install resolved        tslint: 'next',
46 silly install resolved        typescript: 'next',
46 silly install resolved        tsd: 'latest' },
46 silly install resolved     scripts:
46 silly install resolved      { pretest: 'jake tests',
46 silly install resolved        test: 'jake runtests',
46 silly install resolved        build: 'npm run build:compiler && npm run build:tests',
46 silly install resolved        'build:compiler': 'jake local',
46 silly install resolved        'build:tests': 'jake tests',
46 silly install resolved        clean: 'jake clean',
46 silly install resolved        jake: 'jake',
46 silly install resolved        lint: 'jake lint',
46 silly install resolved        'setup-hooks': 'node scripts/link-hooks.js' },
46 silly install resolved     browser: { buffer: false, fs: false, os: false, path: false },
46 silly install resolved     gitHead: '9ef75534e0fd5f92bef86b520dff768c11a2df4d',
46 silly install resolved     _id: 'typescript@1.8.9',
46 silly install resolved     _shasum: 'b3b3a74059fd31cbd3ecad95d62465939e7ed5fa',
46 silly install resolved     _from: 'typescript@*',
46 silly install resolved     _npmVersion: '2.0.0',
46 silly install resolved     _npmUser: { name: 'typescript', email: 'typescript@microsoft.com' },
46 silly install resolved     maintainers: [ [Object] ],
46 silly install resolved     dist:
46 silly install resolved      { shasum: 'b3b3a74059fd31cbd3ecad95d62465939e7ed5fa',
46 silly install resolved        tarball: 'http://registry.npmjs.org/typescript/-/typescript-1.8.9.tgz' },
46 silly install resolved     _npmOperationalInternal:
46 silly install resolved      { host: 'packages-12-west.internal.npmjs.com',
46 silly install resolved        tmp: 'tmp/typescript-1.8.9.tgz_1458169371557_0.7292261146940291' },
46 silly install resolved     directories: {},
46 silly install resolved     _resolved: 'https://registry.npmjs.org/typescript/-/typescript-1.8.9.tgz' } ]
47 info install typescript@1.8.9 into /usr/local/lib
48 info installOne typescript@1.8.9
49 verbose installOne of typescript to /usr/local/lib not in flight; installing
50 verbose lock using /Users/Juan/.npm/_locks/typescript-5355178f5d1a073f.lock for /usr/local/lib/node_modules/typescript
51 silly install write writing typescript 1.8.9 to /usr/local/lib/node_modules/typescript
52 verbose unbuild lib/node_modules/typescript
53 silly gentlyRm /usr/local/lib/node_modules/typescript is being purged from base /usr/local
54 verbose gentlyRm don't care about contents; nuking /usr/local/lib/node_modules/typescript
55 verbose tar unpack /Users/Juan/.npm/typescript/1.8.9/package.tgz
56 verbose tar unpacking to /usr/local/lib/node_modules/typescript
57 silly gentlyRm /usr/local/lib/node_modules/typescript is being purged
58 verbose gentlyRm don't care about contents; nuking /usr/local/lib/node_modules/typescript
59 silly gunzTarPerm modes [ '755', '644' ]
60 error tar.unpack untar error /Users/Juan/.npm/typescript/1.8.9/package.tgz
61 verbose unlock done using /Users/Juan/.npm/_locks/typescript-5355178f5d1a073f.lock for /usr/local/lib/node_modules/typescript
62 verbose fstream_path /usr/local/lib/node_modules/typescript
63 verbose fstream_type Directory
64 verbose fstream_class DirWriter
65 verbose stack Error: EACCES: permission denied, mkdir '/usr/local/lib/node_modules/typescript'
65 verbose stack     at Error (native)
66 verbose fstream_stack /usr/local/lib/node_modules/npm/node_modules/fstream/lib/dir-writer.js:35:25
66 verbose fstream_stack /usr/local/lib/node_modules/npm/node_modules/mkdirp/index.js:47:53
66 verbose fstream_stack FSReqWrap.oncomplete (fs.js:82:15)
67 verbose cwd /Users/Juan/Desktop/Side projects/twitter-stream
68 error Darwin 15.4.0
69 error argv "/usr/local/bin/node" "/usr/local/bin/npm" "install" "-g" "typescript"
70 error node v4.2.3
71 error npm  v2.14.7
72 error path /usr/local/lib/node_modules/typescript
73 error code EACCES
74 error errno -13
75 error syscall mkdir
76 error Error: EACCES: permission denied, mkdir '/usr/local/lib/node_modules/typescript'
76 error     at Error (native)
76 error  { [Error: EACCES: permission denied, mkdir '/usr/local/lib/node_modules/typescript']
76 error   errno: -13,
76 error   code: 'EACCES',
76 error   syscall: 'mkdir',
76 error   path: '/usr/local/lib/node_modules/typescript',
76 error   fstream_type: 'Directory',
76 error   fstream_path: '/usr/local/lib/node_modules/typescript',
76 error   fstream_class: 'DirWriter',
76 error   fstream_stack:
76 error    [ '/usr/local/lib/node_modules/npm/node_modules/fstream/lib/dir-writer.js:35:25',
76 error      '/usr/local/lib/node_modules/npm/node_modules/mkdirp/index.js:47:53',
76 error      'FSReqWrap.oncomplete (fs.js:82:15)' ] }
77 error Please try running this command again as root/Administrator.
78 verbose exit [ -13, true ]
79 verbose unbuild lib/node_modules/typescript
80 silly gentlyRm /usr/local/lib/node_modules/typescript is being purged from base /usr/local
81 verbose gentlyRm don't care about contents; nuking /usr/local/lib/node_modules/typescript
